# JRE version: OpenJDK Runtime Environment (11.0.8+10) (build 11.0.8+10-b944.6842174)
# Java VM: OpenJDK 64-Bit Server VM (11.0.8+10-b944.6842174, mixed mode, tiered, compressed oops, g1 gc, windows-amd64)
Heap:
 garbage-first heap   total 378880K, used 148824K [0x0000000080000000, 0x0000000100000000)
  region size 1024K, 8 young (8192K), 8 survivors (8192K)
 Metaspace       used 98048K, capacity 100757K, committed 101068K, reserved 1136640K
  class space    used 12716K, capacity 13724K, committed 13824K, reserved 1048576K
GC Heap History (20 events):
Event: 15.164 GC heap after
{Heap after GC invocations=17 (full 0):
 garbage-first heap   total 262144K, used 106496K [0x0000000080000000, 0x0000000100000000)
  region size 1024K, 14 young (14336K), 14 survivors (14336K)
 Metaspace       used 92161K, capacity 94632K, committed 94924K, reserved 1130496K
  class space    used 12067K, capacity 12970K, committed 13056K, reserved 1048576K
}
Event: 15.533 GC heap before
{Heap before GC invocations=17 (full 0):
 garbage-first heap   total 262144K, used 188416K [0x0000000080000000, 0x0000000100000000)
  region size 1024K, 95 young (97280K), 14 survivors (14336K)
 Metaspace       used 94299K, capacity 96895K, committed 97100K, reserved 1132544K
  class space    used 12408K, capacity 13339K, committed 13440K, reserved 1048576K
}
Event: 15.560 GC heap after
{Heap after GC invocations=18 (full 0):
 garbage-first heap   total 262144K, used 119093K [0x0000000080000000, 0x0000000100000000)
  region size 1024K, 12 young (12288K), 12 survivors (12288K)
 Metaspace       used 94299K, capacity 96895K, committed 97100K, reserved 1132544K
  class space    used 12408K, capacity 13339K, committed 13440K, reserved 1048576K
}
Event: 15.893 GC heap before
{Heap before GC invocations=18 (full 0):
 garbage-first heap   total 262144K, used 193845K [0x0000000080000000, 0x0000000100000000)
  region size 1024K, 86 young (88064K), 12 survivors (12288K)
 Metaspace       used 96378K, capacity 99043K, committed 99148K, reserved 1134592K
  class space    used 12619K, capacity 13598K, committed 13696K, reserved 1048576K
}
Event: 15.915 GC heap after
{Heap after GC invocations=19 (full 0):
 garbage-first heap   total 315392K, used 127549K [0x0000000080000000, 0x0000000100000000)
  region size 1024K, 7 young (7168K), 7 survivors (7168K)
 Metaspace       used 96378K, capacity 99043K, committed 99148K, reserved 1134592K
  class space    used 12619K, capacity 13598K, committed 13696K, reserved 1048576K
}
Event: 16.244 GC heap before
{Heap before GC invocations=19 (full 0):
 garbage-first heap   total 315392K, used 220733K [0x0000000080000000, 0x0000000100000000)
  region size 1024K, 99 young (101376K), 7 survivors (7168K)
 Metaspace       used 97043K, capacity 99746K, committed 99916K, reserved 1136640K
  class space    used 12680K, capacity 13680K, committed 13696K, reserved 1048576K
}
Event: 16.259 GC heap after
{Heap after GC invocations=20 (full 0):
 garbage-first heap   total 315392K, used 135778K [0x0000000080000000, 0x0000000100000000)
  region size 1024K, 13 young (13312K), 13 survivors (13312K)
 Metaspace       used 97043K, capacity 99746K, committed 99916K, reserved 1136640K
  class space    used 12680K, capacity 13680K, committed 13696K, reserved 1048576K
}
Event: 16.570 GC heap before
{Heap before GC invocations=20 (full 0):
 garbage-first heap   total 315392K, used 229986K [0x0000000080000000, 0x0000000100000000)
  region size 1024K, 105 young (107520K), 13 survivors (13312K)
 Metaspace       used 97094K, capacity 99780K, committed 100044K, reserved 1136640K
  class space    used 12691K, capacity 13713K, committed 13824K, reserved 1048576K
}
Event: 16.585 GC heap after
{Heap after GC invocations=21 (full 0):
 garbage-first heap   total 315392K, used 139174K [0x0000000080000000, 0x0000000100000000)
  region size 1024K, 6 young (6144K), 6 survivors (6144K)
 Metaspace       used 97094K, capacity 99780K, committed 100044K, reserved 1136640K
  class space    used 12691K, capacity 13713K, committed 13824K, reserved 1048576K
}
Event: 16.862 GC heap before
{Heap before GC invocations=21 (full 0):
 garbage-first heap   total 315392K, used 234406K [0x0000000080000000, 0x0000000100000000)
  region size 1024K, 99 young (101376K), 6 survivors (6144K)
 Metaspace       used 97226K, capacity 99912K, committed 100044K, reserved 1136640K
  class space    used 12691K, capacity 13713K, committed 13824K, reserved 1048576K
}
Event: 16.870 GC heap after
{Heap after GC invocations=22 (full 0):
 garbage-first heap   total 315392K, used 141987K [0x0000000080000000, 0x0000000100000000)
  region size 1024K, 9 young (9216K), 9 survivors (9216K)
 Metaspace       used 97226K, capacity 99912K, committed 100044K, reserved 1136640K
  class space    used 12691K, capacity 13713K, committed 13824K, reserved 1048576K
}
Event: 17.120 GC heap before
{Heap before GC invocations=22 (full 0):
 garbage-first heap   total 315392K, used 240291K [0x0000000080000000, 0x0000000100000000)
  region size 1024K, 105 young (107520K), 9 survivors (9216K)
 Metaspace       used 97408K, capacity 100105K, committed 100300K, reserved 1136640K
  class space    used 12705K, capacity 13713K, committed 13824K, reserved 1048576K
}
Event: 17.130 GC heap after
{Heap after GC invocations=23 (full 0):
 garbage-first heap   total 315392K, used 142886K [0x0000000080000000, 0x0000000100000000)
  region size 1024K, 5 young (5120K), 5 survivors (5120K)
 Metaspace       used 97408K, capacity 100105K, committed 100300K, reserved 1136640K
  class space    used 12705K, capacity 13713K, committed 13824K, reserved 1048576K
}
Event: 17.350 GC heap before
{Heap before GC invocations=23 (full 0):
 garbage-first heap   total 315392K, used 245286K [0x0000000080000000, 0x0000000100000000)
  region size 1024K, 105 young (107520K), 5 survivors (5120K)
 Metaspace       used 97614K, capacity 100301K, committed 100556K, reserved 1136640K
  class space    used 12709K, capacity 13713K, committed 13824K, reserved 1048576K
}
Event: 17.364 GC heap after
{Heap after GC invocations=24 (full 0):
 garbage-first heap   total 315392K, used 144005K [0x0000000080000000, 0x0000000100000000)
  region size 1024K, 6 young (6144K), 6 survivors (6144K)
 Metaspace       used 97614K, capacity 100301K, committed 100556K, reserved 1136640K
  class space    used 12709K, capacity 13713K, committed 13824K, reserved 1048576K
}
Event: 17.544 GC heap before
{Heap before GC invocations=24 (full 0):
 garbage-first heap   total 315392K, used 249477K [0x0000000080000000, 0x0000000100000000)
  region size 1024K, 109 young (111616K), 6 survivors (6144K)
 Metaspace       used 97801K, capacity 100507K, committed 100812K, reserved 1136640K
  class space    used 12709K, capacity 13713K, committed 13824K, reserved 1048576K
}
Event: 17.554 GC heap after
{Heap after GC invocations=25 (full 0):
 garbage-first heap   total 315392K, used 145029K [0x0000000080000000, 0x0000000100000000)
  region size 1024K, 7 young (7168K), 7 survivors (7168K)
 Metaspace       used 97801K, capacity 100507K, committed 100812K, reserved 1136640K
  class space    used 12709K, capacity 13713K, committed 13824K, reserved 1048576K
}
Event: 17.713 GC heap before
{Heap before GC invocations=25 (full 0):
 garbage-first heap   total 315392K, used 252549K [0x0000000080000000, 0x0000000100000000)
  region size 1024K, 112 young (114688K), 7 survivors (7168K)
 Metaspace       used 97915K, capacity 100652K, committed 100812K, reserved 1136640K
  class space    used 12710K, capacity 13715K, committed 13824K, reserved 1048576K
}
Event: 17.723 GC heap after
{Heap after GC invocations=26 (full 0):
 garbage-first heap   total 315392K, used 146694K [0x0000000080000000, 0x0000000100000000)
  region size 1024K, 9 young (9216K), 9 survivors (9216K)
 Metaspace       used 97915K, capacity 100652K, committed 100812K, reserved 1136640K
  class space    used 12710K, capacity 13715K, committed 13824K, reserved 1048576K
}
Event: 17.894 GC heap before
{Heap before GC invocations=26 (full 0):
 garbage-first heap   total 315392K, used 254214K [0x0000000080000000, 0x0000000100000000)
  region size 1024K, 115 young (117760K), 9 survivors (9216K)
 Metaspace       used 98048K, capacity 100757K, committed 101068K, reserved 1136640K
  class space    used 12716K, capacity 13724K, committed 13824K, reserved 1048576K
}

