# JRE version: OpenJDK Runtime Environment (11.0.8+10) (build 11.0.8+10-b944.6842174)
# Java VM: OpenJDK 64-Bit Server VM (11.0.8+10-b944.6842174, mixed mode, tiered, compressed oops, g1 gc, windows-amd64)
Heap:
 garbage-first heap   total 315392K, used 222766K [0x0000000080000000, 0x0000000100000000)
  region size 1024K, 61 young (62464K), 2 survivors (2048K)
 Metaspace       used 146212K, capacity 151333K, committed 151844K, reserved 1181696K
  class space    used 18070K, capacity 19862K, committed 20044K, reserved 1048576K
GC Heap History (20 events):
Event: 1689.077 GC heap before
{Heap before GC invocations=43 (full 0):
 garbage-first heap   total 262144K, used 214977K [0x0000000080000000, 0x0000000100000000)
  region size 1024K, 59 young (60416K), 2 survivors (2048K)
 Metaspace       used 135818K, capacity 140204K, committed 140324K, reserved 1171456K
  class space    used 16654K, capacity 18177K, committed 18252K, reserved 1048576K
}
Event: 1689.084 GC heap after
{Heap after GC invocations=44 (full 0):
 garbage-first heap   total 262144K, used 161704K [0x0000000080000000, 0x0000000100000000)
  region size 1024K, 6 young (6144K), 6 survivors (6144K)
 Metaspace       used 135818K, capacity 140204K, committed 140324K, reserved 1171456K
  class space    used 16654K, capacity 18177K, committed 18252K, reserved 1048576K
}
Event: 1689.649 GC heap before
{Heap before GC invocations=44 (full 0):
 garbage-first heap   total 262144K, used 215976K [0x0000000080000000, 0x0000000100000000)
  region size 1024K, 60 young (61440K), 6 survivors (6144K)
 Metaspace       used 136638K, capacity 141044K, committed 141092K, reserved 1171456K
  class space    used 16718K, capacity 18218K, committed 18252K, reserved 1048576K
}
Event: 1689.656 GC heap after
{Heap after GC invocations=45 (full 0):
 garbage-first heap   total 262144K, used 162233K [0x0000000080000000, 0x0000000100000000)
  region size 1024K, 4 young (4096K), 4 survivors (4096K)
 Metaspace       used 136638K, capacity 141044K, committed 141092K, reserved 1171456K
  class space    used 16718K, capacity 18218K, committed 18252K, reserved 1048576K
}
Event: 1690.437 GC heap before
{Heap before GC invocations=45 (full 0):
 garbage-first heap   total 262144K, used 217529K [0x0000000080000000, 0x0000000100000000)
  region size 1024K, 59 young (60416K), 4 survivors (4096K)
 Metaspace       used 136919K, capacity 141342K, committed 141476K, reserved 1173504K
  class space    used 16741K, capacity 18290K, committed 18380K, reserved 1048576K
}
Event: 1690.444 GC heap after
{Heap after GC invocations=46 (full 0):
 garbage-first heap   total 262144K, used 163379K [0x0000000080000000, 0x0000000100000000)
  region size 1024K, 5 young (5120K), 5 survivors (5120K)
 Metaspace       used 136919K, capacity 141342K, committed 141476K, reserved 1173504K
  class space    used 16741K, capacity 18290K, committed 18380K, reserved 1048576K
}
Event: 1691.057 GC heap before
{Heap before GC invocations=47 (full 0):
 garbage-first heap   total 262144K, used 209125K [0x0000000080000000, 0x0000000100000000)
  region size 1024K, 62 young (63488K), 5 survivors (5120K)
 Metaspace       used 139739K, capacity 144514K, committed 144804K, reserved 1175552K
  class space    used 17165K, capacity 18780K, committed 18892K, reserved 1048576K
}
Event: 1691.068 GC heap after
{Heap after GC invocations=48 (full 0):
 garbage-first heap   total 262144K, used 155268K [0x0000000080000000, 0x0000000100000000)
  region size 1024K, 8 young (8192K), 8 survivors (8192K)
 Metaspace       used 139739K, capacity 144514K, committed 144804K, reserved 1175552K
  class space    used 17165K, capacity 18780K, committed 18892K, reserved 1048576K
}
Event: 1691.100 GC heap before
{Heap before GC invocations=48 (full 0):
 garbage-first heap   total 262144K, used 159364K [0x0000000080000000, 0x0000000100000000)
  region size 1024K, 12 young (12288K), 8 survivors (8192K)
 Metaspace       used 140061K, capacity 144853K, committed 145060K, reserved 1175552K
  class space    used 17208K, capacity 18829K, committed 18892K, reserved 1048576K
}
Event: 1691.116 GC heap after
{Heap after GC invocations=49 (full 0):
 garbage-first heap   total 262144K, used 139175K [0x0000000080000000, 0x0000000100000000)
  region size 1024K, 2 young (2048K), 2 survivors (2048K)
 Metaspace       used 140061K, capacity 144853K, committed 145060K, reserved 1175552K
  class space    used 17208K, capacity 18829K, committed 18892K, reserved 1048576K
}
Event: 1691.656 GC heap before
{Heap before GC invocations=49 (full 0):
 garbage-first heap   total 262144K, used 215975K [0x0000000080000000, 0x0000000100000000)
  region size 1024K, 77 young (78848K), 2 survivors (2048K)
 Metaspace       used 145103K, capacity 150298K, committed 150436K, reserved 1179648K
  class space    used 18047K, capacity 19870K, committed 19916K, reserved 1048576K
}
Event: 1691.665 GC heap after
{Heap after GC invocations=50 (full 0):
 garbage-first heap   total 262144K, used 140962K [0x0000000080000000, 0x0000000100000000)
  region size 1024K, 3 young (3072K), 3 survivors (3072K)
 Metaspace       used 145103K, capacity 150298K, committed 150436K, reserved 1179648K
  class space    used 18047K, capacity 19870K, committed 19916K, reserved 1048576K
}
Event: 1691.915 GC heap before
{Heap before GC invocations=50 (full 0):
 garbage-first heap   total 262144K, used 180898K [0x0000000080000000, 0x0000000100000000)
  region size 1024K, 44 young (45056K), 3 survivors (3072K)
 Metaspace       used 145990K, capacity 151235K, committed 151332K, reserved 1181696K
  class space    used 18106K, capacity 19954K, committed 20044K, reserved 1048576K
}
Event: 1691.929 GC heap after
{Heap after GC invocations=51 (full 0):
 garbage-first heap   total 262144K, used 147130K [0x0000000080000000, 0x0000000100000000)
  region size 1024K, 9 young (9216K), 9 survivors (9216K)
 Metaspace       used 145990K, capacity 151235K, committed 151332K, reserved 1181696K
  class space    used 18106K, capacity 19954K, committed 20044K, reserved 1048576K
}
Event: 1692.225 GC heap before
{Heap before GC invocations=51 (full 0):
 garbage-first heap   total 262144K, used 208570K [0x0000000080000000, 0x0000000100000000)
  region size 1024K, 68 young (69632K), 9 survivors (9216K)
 Metaspace       used 146049K, capacity 151115K, committed 151588K, reserved 1181696K
  class space    used 18066K, capacity 19859K, committed 20044K, reserved 1048576K
}
Event: 1692.236 GC heap after
{Heap after GC invocations=52 (full 0):
 garbage-first heap   total 262144K, used 154582K [0x0000000080000000, 0x0000000100000000)
  region size 1024K, 9 young (9216K), 9 survivors (9216K)
 Metaspace       used 146049K, capacity 151115K, committed 151588K, reserved 1181696K
  class space    used 18066K, capacity 19859K, committed 20044K, reserved 1048576K
}
Event: 1692.435 GC heap before
{Heap before GC invocations=53 (full 0):
 garbage-first heap   total 262144K, used 209878K [0x0000000080000000, 0x0000000100000000)
  region size 1024K, 64 young (65536K), 9 survivors (9216K)
 Metaspace       used 146162K, capacity 151265K, committed 151844K, reserved 1181696K
  class space    used 18067K, capacity 19861K, committed 20044K, reserved 1048576K
}
Event: 1692.452 GC heap after
{Heap after GC invocations=54 (full 0):
 garbage-first heap   total 315392K, used 163436K [0x0000000080000000, 0x0000000100000000)
  region size 1024K, 8 young (8192K), 8 survivors (8192K)
 Metaspace       used 146162K, capacity 151265K, committed 151844K, reserved 1181696K
  class space    used 18067K, capacity 19861K, committed 20044K, reserved 1048576K
}
Event: 1692.468 GC heap before
{Heap before GC invocations=54 (full 0):
 garbage-first heap   total 315392K, used 169580K [0x0000000080000000, 0x0000000100000000)
  region size 1024K, 15 young (15360K), 8 survivors (8192K)
 Metaspace       used 146162K, capacity 151265K, committed 151844K, reserved 1181696K
  class space    used 18067K, capacity 19861K, committed 20044K, reserved 1048576K
}
Event: 1692.478 GC heap after
{Heap after GC invocations=55 (full 0):
 garbage-first heap   total 315392K, used 164398K [0x0000000080000000, 0x0000000100000000)
  region size 1024K, 2 young (2048K), 2 survivors (2048K)
 Metaspace       used 146162K, capacity 151265K, committed 151844K, reserved 1181696K
  class space    used 18067K, capacity 19861K, committed 20044K, reserved 1048576K
}

