# JRE version: OpenJDK Runtime Environment (11.0.8+10) (build 11.0.8+10-b944.6842174)
# Java VM: OpenJDK 64-Bit Server VM (11.0.8+10-b944.6842174, mixed mode, tiered, compressed oops, g1 gc, windows-amd64)
Heap:
 garbage-first heap   total 702464K, used 173764K [0x0000000080000000, 0x0000000100000000)
  region size 1024K, 21 young (21504K), 21 survivors (21504K)
 Metaspace       used 101942K, capacity 104647K, committed 105164K, reserved 1140736K
  class space    used 13106K, capacity 14137K, committed 14284K, reserved 1048576K
GC Heap History (20 events):
Event: 17.280 GC heap after
{Heap after GC invocations=27 (full 0):
 garbage-first heap   total 315392K, used 145986K [0x0000000080000000, 0x0000000100000000)
  region size 1024K, 10 young (10240K), 10 survivors (10240K)
 Metaspace       used 100052K, capacity 102610K, committed 103628K, reserved 1138688K
  class space    used 12922K, capacity 13911K, committed 14284K, reserved 1048576K
}
Event: 17.465 GC heap before
{Heap before GC invocations=27 (full 0):
 garbage-first heap   total 315392K, used 257602K [0x0000000080000000, 0x0000000100000000)
  region size 1024K, 119 young (121856K), 10 survivors (10240K)
 Metaspace       used 100362K, capacity 102950K, committed 103884K, reserved 1138688K
  class space    used 12953K, capacity 13960K, committed 14284K, reserved 1048576K
}
Event: 17.483 GC heap after
{Heap after GC invocations=28 (full 0):
 garbage-first heap   total 315392K, used 146869K [0x0000000080000000, 0x0000000100000000)
  region size 1024K, 9 young (9216K), 9 survivors (9216K)
 Metaspace       used 100362K, capacity 102950K, committed 103884K, reserved 1138688K
  class space    used 12953K, capacity 13960K, committed 14284K, reserved 1048576K
}
Event: 17.651 GC heap before
{Heap before GC invocations=28 (full 0):
 garbage-first heap   total 315392K, used 260533K [0x0000000080000000, 0x0000000100000000)
  region size 1024K, 120 young (122880K), 9 survivors (9216K)
 Metaspace       used 100574K, capacity 103176K, committed 104140K, reserved 1138688K
  class space    used 12979K, capacity 13970K, committed 14284K, reserved 1048576K
}
Event: 17.665 GC heap after
{Heap after GC invocations=29 (full 0):
 garbage-first heap   total 378880K, used 148556K [0x0000000080000000, 0x0000000100000000)
  region size 1024K, 9 young (9216K), 9 survivors (9216K)
 Metaspace       used 100574K, capacity 103176K, committed 104140K, reserved 1138688K
  class space    used 12979K, capacity 13970K, committed 14284K, reserved 1048576K
}
Event: 17.913 GC heap before
{Heap before GC invocations=29 (full 0):
 garbage-first heap   total 378880K, used 297036K [0x0000000080000000, 0x0000000100000000)
  region size 1024K, 155 young (158720K), 9 survivors (9216K)
 Metaspace       used 101081K, capacity 103698K, committed 104396K, reserved 1138688K
  class space    used 13029K, capacity 14029K, committed 14284K, reserved 1048576K
}
Event: 17.927 GC heap after
{Heap after GC invocations=30 (full 0):
 garbage-first heap   total 378880K, used 151462K [0x0000000080000000, 0x0000000100000000)
  region size 1024K, 12 young (12288K), 12 survivors (12288K)
 Metaspace       used 101081K, capacity 103698K, committed 104396K, reserved 1138688K
  class space    used 13029K, capacity 14029K, committed 14284K, reserved 1048576K
}
Event: 18.177 GC heap before
{Heap before GC invocations=30 (full 0):
 garbage-first heap   total 378880K, used 301990K [0x0000000080000000, 0x0000000100000000)
  region size 1024K, 159 young (162816K), 12 survivors (12288K)
 Metaspace       used 101396K, capacity 104010K, committed 104652K, reserved 1140736K
  class space    used 13067K, capacity 14089K, committed 14284K, reserved 1048576K
}
Event: 18.194 GC heap after
{Heap after GC invocations=31 (full 0):
 garbage-first heap   total 378880K, used 153455K [0x0000000080000000, 0x0000000100000000)
  region size 1024K, 13 young (13312K), 13 survivors (13312K)
 Metaspace       used 101396K, capacity 104010K, committed 104652K, reserved 1140736K
  class space    used 13067K, capacity 14089K, committed 14284K, reserved 1048576K
}
Event: 18.475 GC heap before
{Heap before GC invocations=31 (full 0):
 garbage-first heap   total 378880K, used 308079K [0x0000000080000000, 0x0000000100000000)
  region size 1024K, 164 young (167936K), 13 survivors (13312K)
 Metaspace       used 101551K, capacity 104222K, committed 104908K, reserved 1140736K
  class space    used 13075K, capacity 14095K, committed 14284K, reserved 1048576K
}
Event: 18.492 GC heap after
{Heap after GC invocations=32 (full 0):
 garbage-first heap   total 378880K, used 155626K [0x0000000080000000, 0x0000000100000000)
  region size 1024K, 13 young (13312K), 13 survivors (13312K)
 Metaspace       used 101551K, capacity 104222K, committed 104908K, reserved 1140736K
  class space    used 13075K, capacity 14095K, committed 14284K, reserved 1048576K
}
Event: 18.759 GC heap before
{Heap before GC invocations=32 (full 0):
 garbage-first heap   total 378880K, used 317418K [0x0000000080000000, 0x0000000100000000)
  region size 1024K, 171 young (175104K), 13 survivors (13312K)
 Metaspace       used 101758K, capacity 104423K, committed 104908K, reserved 1140736K
  class space    used 13105K, capacity 14135K, committed 14284K, reserved 1048576K
}
Event: 18.781 GC heap after
{Heap after GC invocations=33 (full 0):
 garbage-first heap   total 495616K, used 157312K [0x0000000080000000, 0x0000000100000000)
  region size 1024K, 14 young (14336K), 14 survivors (14336K)
 Metaspace       used 101758K, capacity 104423K, committed 104908K, reserved 1140736K
  class space    used 13105K, capacity 14135K, committed 14284K, reserved 1048576K
}
Event: 19.169 GC heap before
{Heap before GC invocations=33 (full 0):
 garbage-first heap   total 495616K, used 405120K [0x0000000080000000, 0x0000000100000000)
  region size 1024K, 257 young (263168K), 14 survivors (14336K)
 Metaspace       used 101855K, capacity 104570K, committed 104908K, reserved 1140736K
  class space    used 13106K, capacity 14136K, committed 14284K, reserved 1048576K
}
Event: 19.191 GC heap after
{Heap after GC invocations=34 (full 0):
 garbage-first heap   total 495616K, used 161733K [0x0000000080000000, 0x0000000100000000)
  region size 1024K, 18 young (18432K), 18 survivors (18432K)
 Metaspace       used 101855K, capacity 104570K, committed 104908K, reserved 1140736K
  class space    used 13106K, capacity 14136K, committed 14284K, reserved 1048576K
}
Event: 19.588 GC heap before
{Heap before GC invocations=34 (full 0):
 garbage-first heap   total 495616K, used 415685K [0x0000000080000000, 0x0000000100000000)
  region size 1024K, 266 young (272384K), 18 survivors (18432K)
 Metaspace       used 101926K, capacity 104647K, committed 105164K, reserved 1140736K
  class space    used 13106K, capacity 14137K, committed 14284K, reserved 1048576K
}
Event: 19.612 GC heap after
{Heap after GC invocations=35 (full 0):
 garbage-first heap   total 495616K, used 167265K [0x0000000080000000, 0x0000000100000000)
  region size 1024K, 23 young (23552K), 23 survivors (23552K)
 Metaspace       used 101926K, capacity 104647K, committed 105164K, reserved 1140736K
  class space    used 13106K, capacity 14137K, committed 14284K, reserved 1048576K
}
Event: 19.935 GC heap before
{Heap before GC invocations=35 (full 0):
 garbage-first heap   total 495616K, used 417121K [0x0000000080000000, 0x0000000100000000)
  region size 1024K, 267 young (273408K), 23 survivors (23552K)
 Metaspace       used 101937K, capacity 104647K, committed 105164K, reserved 1140736K
  class space    used 13106K, capacity 14137K, committed 14284K, reserved 1048576K
}
Event: 19.962 GC heap after
{Heap after GC invocations=36 (full 0):
 garbage-first heap   total 495616K, used 169717K [0x0000000080000000, 0x0000000100000000)
  region size 1024K, 19 young (19456K), 19 survivors (19456K)
 Metaspace       used 101937K, capacity 104647K, committed 105164K, reserved 1140736K
  class space    used 13106K, capacity 14137K, committed 14284K, reserved 1048576K
}
Event: 20.246 GC heap before
{Heap before GC invocations=36 (full 0):
 garbage-first heap   total 495616K, used 421621K [0x0000000080000000, 0x0000000100000000)
  region size 1024K, 265 young (271360K), 19 survivors (19456K)
 Metaspace       used 101942K, capacity 104647K, committed 105164K, reserved 1140736K
  class space    used 13106K, capacity 14137K, committed 14284K, reserved 1048576K
}

